{
  "stats": {
    "suites": 1,
    "tests": 1,
    "passes": 1,
    "pending": 0,
    "failures": 0,
    "start": "2022-05-05T18:47:48.506Z",
    "end": "2022-05-05T18:47:54.863Z",
    "duration": 6357,
    "testsRegistered": 1,
    "passPercent": 100,
    "pendingPercent": 0,
    "other": 0,
    "hasOther": false,
    "skipped": 0,
    "hasSkipped": false
  },
  "results": [
    {
      "uuid": "b9fa7807-d5e0-4380-aa2b-86d392466b1b",
      "title": "",
      "fullFile": "cypress\\integration\\3-AluraPic\\alurapic.spec.js",
      "file": "cypress\\integration\\3-AluraPic\\alurapic.spec.js",
      "beforeHooks": [],
      "afterHooks": [],
      "tests": [],
      "suites": [
        {
          "uuid": "4596e718-eed0-4a54-8610-25e7b7f69209",
          "title": "Login e registro de usuarios alura pic",
          "fullFile": "",
          "file": "",
          "beforeHooks": [],
          "afterHooks": [],
          "tests": [
            {
              "title": "verifica mensagens validacao",
              "fullTitle": "Login e registro de usuarios alura pic verifica mensagens validacao",
              "timedOut": null,
              "duration": 4011,
              "state": "passed",
              "speed": "slow",
              "pass": true,
              "fail": false,
              "pending": false,
              "context": null,
              "code": "cy.contains('a', 'Register now').click();",
              "err": {},
              "uuid": "91212bd5-41a1-485e-9a07-8684561b862f",
              "parentUUID": "4596e718-eed0-4a54-8610-25e7b7f69209",
              "isHook": false,
              "skipped": false
            }
          ],
          "suites": [],
          "passes": [
            "91212bd5-41a1-485e-9a07-8684561b862f"
          ],
          "failures": [],
          "pending": [],
          "skipped": [],
          "duration": 4011,
          "root": false,
          "rootEmpty": false,
          "_timeout": 2000
        }
      ],
      "passes": [],
      "failures": [],
      "pending": [],
      "skipped": [],
      "duration": 0,
      "root": true,
      "rootEmpty": true,
      "_timeout": 2000
    }
  ],
  "meta": {
    "mocha": {
      "version": "7.0.1"
    },
    "mochawesome": {
      "options": {
        "quiet": false,
        "reportFilename": "mochawesome",
        "saveHtml": true,
        "saveJson": true,
        "consoleReporter": "spec",
        "useInlineDiffs": false,
        "code": true
      },
      "version": "7.1.3"
    },
    "marge": {
      "options": null,
      "version": "6.2.0"
    }
  }
}